c:\users\asus\desktop\dragonslakeproject\dragonslakeproject\x64\debug\vc143.pdb
c:\users\asus\desktop\dragonslakeproject\dragonslakeproject\x64\debug\vc143.idb
c:\users\asus\desktop\dragonslakeproject\dragonslakeproject\x64\debug\screen_settings.obj
c:\users\asus\desktop\dragonslakeproject\dragonslakeproject\x64\debug\main.obj
c:\users\asus\desktop\dragonslakeproject\dragonslakeproject\x64\debug\platform.obj
c:\users\asus\desktop\dragonslakeproject\dragonslakeproject\x64\debug\set_sprite.obj
c:\users\asus\desktop\dragonslakeproject\dragonslakeproject\x64\debug\actor.obj
c:\users\asus\desktop\dragonslakeproject\dragonslakeproject\x64\debug\brick.obj
c:\users\asus\desktop\dragonslakeproject\dragonslakeproject\x64\debug\ball.obj
c:\users\asus\desktop\dragonslakeproject\dragonslakeproject\x64\debug\rng.obj
c:\users\asus\desktop\dragonslakeproject\x64\debug\dragonslakeproject.exe
c:\users\asus\desktop\dragonslakeproject\dragonslakeproject\x64\debug\dragonslakeproject.ilk
c:\users\asus\desktop\dragonslakeproject\x64\debug\dragonslakeproject.pdb
c:\users\asus\desktop\dragonslakeproject\dragonslakeproject\x64\debug\dragonslakeproject.obj
c:\users\asus\desktop\dragonslakeproject\dragonslakeproject\x64\debug\main.obj.enc
c:\users\asus\desktop\dragonslakeproject\dragonslakeproject\x64\debug\dragonsl.09505111.tlog\cl.command.1.tlog
c:\users\asus\desktop\dragonslakeproject\dragonslakeproject\x64\debug\dragonsl.09505111.tlog\cl.read.1.tlog
c:\users\asus\desktop\dragonslakeproject\dragonslakeproject\x64\debug\dragonsl.09505111.tlog\cl.write.1.tlog
c:\users\asus\desktop\dragonslakeproject\dragonslakeproject\x64\debug\dragonsl.09505111.tlog\link.command.1.tlog
c:\users\asus\desktop\dragonslakeproject\dragonslakeproject\x64\debug\dragonsl.09505111.tlog\link.read.1.tlog
c:\users\asus\desktop\dragonslakeproject\dragonslakeproject\x64\debug\dragonsl.09505111.tlog\link.write.1.tlog
